{
  "RSpec": {
    "coverage": {
      "/home/le.canh.kieu.oanh/Documents/Source/tests-api/app/models/product.rb": {
        "lines": [
          1,
          1,
          1,
          1,
          null,
          1,
          null,
          1,
          1,
          1,
          null,
          null
        ]
      },
      "/home/le.canh.kieu.oanh/Documents/Source/tests-api/app/models/application_record.rb": {
        "lines": [
          1,
          1,
          null
        ]
      },
      "/home/le.canh.kieu.oanh/Documents/Source/tests-api/app/models/user.rb": {
        "lines": [
          1,
          null,
          null,
          null,
          1,
          null,
          null,
          1,
          0,
          null,
          null,
          null,
          null
        ]
      },
      "/home/le.canh.kieu.oanh/Documents/Source/tests-api/app/controllers/products_controller.rb": {
        "lines": [
          1,
          1,
          1,
          null,
          null,
          1,
          0,
          0,
          0,
          null,
          null,
          null,
          1,
          0,
          null,
          null,
          null,
          1,
          1,
          1,
          1,
          null,
          0,
          null,
          null,
          null,
          null,
          1,
          0,
          0,
          null,
          0,
          null,
          null,
          null,
          null,
          1,
          0,
          null,
          null,
          1,
          null,
          1,
          0,
          null,
          null,
          null,
          1,
          1,
          null,
          null,
          null,
          null,
          null,
          null,
          null
        ]
      },
      "/home/le.canh.kieu.oanh/Documents/Source/tests-api/app/controllers/application_controller.rb": {
        "lines": [
          1,
          null,
          1,
          1,
          null
        ]
      },
      "/home/le.canh.kieu.oanh/Documents/Source/tests-api/app/controllers/concerns/token_filter.rb": {
        "lines": [
          1,
          1,
          1,
          null,
          1,
          1,
          1,
          null,
          1,
          1,
          1,
          1,
          null,
          null,
          null,
          null,
          null,
          null,
          1,
          1,
          1,
          null,
          null,
          1,
          1,
          null,
          null,
          1,
          1,
          null,
          null,
          1,
          1,
          0,
          null,
          null
        ]
      },
      "/home/le.canh.kieu.oanh/Documents/Source/tests-api/app/channels/application_cable/channel.rb": {
        "lines": [
          0,
          0,
          0,
          0
        ],
        "branches": {
        }
      },
      "/home/le.canh.kieu.oanh/Documents/Source/tests-api/app/channels/application_cable/connection.rb": {
        "lines": [
          0,
          0,
          0,
          0
        ],
        "branches": {
        }
      },
      "/home/le.canh.kieu.oanh/Documents/Source/tests-api/app/controllers/concerns/rack_session_fix.rb": {
        "lines": [
          0,
          0,
          0,
          0,
          0,
          0,
          0,
          0,
          0,
          0,
          0,
          0,
          0,
          0,
          0
        ],
        "branches": {
        }
      },
      "/home/le.canh.kieu.oanh/Documents/Source/tests-api/app/controllers/confirmations_controller.rb": {
        "lines": [
          0,
          null,
          0,
          0
        ],
        "branches": {
        }
      },
      "/home/le.canh.kieu.oanh/Documents/Source/tests-api/app/controllers/registrations_controller.rb": {
        "lines": [
          0,
          0,
          0,
          0,
          null,
          0,
          null,
          0,
          0,
          0,
          null,
          0,
          0,
          0,
          0,
          0,
          0,
          0,
          0,
          0
        ],
        "branches": {
        }
      },
      "/home/le.canh.kieu.oanh/Documents/Source/tests-api/app/controllers/sessions_controller.rb": {
        "lines": [
          0,
          0,
          0,
          null,
          0,
          0,
          null,
          0,
          0,
          0,
          0,
          0,
          0,
          0,
          0,
          0,
          0,
          0,
          0,
          null,
          0,
          null,
          0,
          0,
          0,
          0
        ],
        "branches": {
        }
      },
      "/home/le.canh.kieu.oanh/Documents/Source/tests-api/app/jobs/application_job.rb": {
        "lines": [
          0,
          null,
          null,
          null,
          null,
          null,
          0
        ],
        "branches": {
        }
      },
      "/home/le.canh.kieu.oanh/Documents/Source/tests-api/app/mailers/application_mailer.rb": {
        "lines": [
          0,
          0,
          0,
          0
        ],
        "branches": {
        }
      },
      "/home/le.canh.kieu.oanh/Documents/Source/tests-api/app/models/jwt_denylist.rb": {
        "lines": [
          0,
          0,
          0,
          0
        ],
        "branches": {
        }
      }
    },
    "timestamp": 1659952880
  }
}
